<?xml version="1.0" encoding="UTF-8"?>
<!-- Generated by org.testng.reporters.JUnitXMLReporter -->
<testsuite ignored="0" hostname="Ankit-PC" failures="1" tests="17" name="Different TestNG feautres Test" time="26.172" errors="0" timestamp="15 Apr 2019 13:28:06 GMT">
  <testcase classname="com.test.ExceptionTimeoutTest" name="test1" time="0.012"/>
  <testcase classname="com.test.GoogleTitleTest" name="googleLogoTest" time="0.174"/>
  <testcase classname="com.test.GoogleTitleTest" name="googleTitleTest" time="0.017">
    <failure type="java.lang.AssertionError" message="title is not matched expected [Google123] but found [Google]">
      <![CDATA[java.lang.AssertionError: title is not matched expected [Google123] but found [Google]
at com.test.GoogleTitleTest.googleTitleTest(GoogleTitleTest.java:34)
... Removed 30 stack frames]]>
    </failure>
  </testcase> <!-- googleTitleTest -->
  <testcase classname="com.test.InvocationCountTest" name="sum" time="0.002"/>
  <testcase classname="com.test.InvocationCountTest" name="sum" time="0.002"/>
  <testcase classname="com.test.InvocationCountTest" name="sum" time="0.002"/>
  <testcase classname="com.test.InvocationCountTest" name="sum" time="0.006"/>
  <testcase classname="com.test.InvocationCountTest" name="sum" time="0.002"/>
  <testcase classname="com.test.InvocationCountTest" name="sum" time="0.003"/>
  <testcase classname="com.test.InvocationCountTest" name="sum" time="0.005"/>
  <testcase classname="com.test.InvocationCountTest" name="sum" time="0.014"/>
  <testcase classname="com.test.InvocationCountTest" name="sum" time="0.012"/>
  <testcase classname="com.test.InvocationCountTest" name="sum" time="0.002"/>
  <testcase classname="com.test.TestNgBasics" name="googleLogoTest" time="0.002"/>
  <testcase classname="com.test.TestNgBasics" name="googleTitleTest" time="0.003"/>
  <testcase classname="com.test.TestNgBasics" name="searchTest" time="0.011"/>
  <testcase classname="com.test.TestNgFeatures" name="loginTest" time="0.003"/>
</testsuite> <!-- Different TestNG feautres Test -->
